<?xml version="1.0" encoding="UTF-8"?>
<!-- Generated by org.testng.reporters.JUnitXMLReporter -->
<testsuite ignored="0" hostname="sssandee-Z1063414H" failures="0" tests="4" name="Default test" time="12.625" errors="0" timestamp="2023-02-23T11:55:24 IST">
  <testcase classname="com.qa.opencart.tests.LoginPageTest" name="forgotPasswordLinkExists" time="1.255"/>
  <testcase classname="com.qa.opencart.tests.LoginPageTest" name="loginPageURLTest" time="0.02"/>
  <testcase classname="com.qa.opencart.tests.LoginPageTest" name="loginPageTitleTest" time="0.015"/>
  <testcase classname="com.qa.opencart.tests.LoginPageTest" name="loginTest" time="2.793"/>
</testsuite> <!-- Default test -->
