<?xml version="1.0" encoding="UTF-8"?>
<testng-results ignored="0" total="4" passed="4" failed="0" skipped="0">
  <reporter-output>
  </reporter-output>
  <suite started-at="2023-02-23T11:55:11 IST" name="Default suite" finished-at="2023-02-23T11:55:24 IST" duration-ms="12625">
    <groups>
    </groups>
    <test started-at="2023-02-23T11:55:11 IST" name="Default test" finished-at="2023-02-23T11:55:24 IST" duration-ms="12625">
      <class name="com.qa.opencart.tests.LoginPageTest">
        <test-method is-config="true" signature="setup()[pri:0, instance:com.qa.opencart.tests.LoginPageTest@12aba8be]" started-at="2023-02-23T11:55:11 IST" name="setup" finished-at="2023-02-23T11:55:20 IST" duration-ms="8181" status="PASS">
          <reporter-output>
          </reporter-output>
        </test-method> <!-- setup -->
        <test-method signature="forgotPasswordLinkExists()[pri:1, instance:com.qa.opencart.tests.LoginPageTest@12aba8be]" started-at="2023-02-23T11:55:20 IST" name="forgotPasswordLinkExists" finished-at="2023-02-23T11:55:21 IST" duration-ms="1255" status="PASS">
          <reporter-output>
          </reporter-output>
        </test-method> <!-- forgotPasswordLinkExists -->
        <test-method signature="loginPageURLTest()[pri:2, instance:com.qa.opencart.tests.LoginPageTest@12aba8be]" started-at="2023-02-23T11:55:21 IST" name="loginPageURLTest" finished-at="2023-02-23T11:55:21 IST" duration-ms="20" status="PASS">
          <reporter-output>
          </reporter-output>
        </test-method> <!-- loginPageURLTest -->
        <test-method signature="loginPageTitleTest()[pri:3, instance:com.qa.opencart.tests.LoginPageTest@12aba8be]" started-at="2023-02-23T11:55:21 IST" name="loginPageTitleTest" finished-at="2023-02-23T11:55:21 IST" duration-ms="15" status="PASS">
          <reporter-output>
          </reporter-output>
        </test-method> <!-- loginPageTitleTest -->
        <test-method signature="loginTest()[pri:4, instance:com.qa.opencart.tests.LoginPageTest@12aba8be]" started-at="2023-02-23T11:55:21 IST" name="loginTest" finished-at="2023-02-23T11:55:24 IST" duration-ms="2793" status="PASS">
          <reporter-output>
          </reporter-output>
        </test-method> <!-- loginTest -->
        <test-method is-config="true" signature="tearDown()[pri:0, instance:com.qa.opencart.tests.LoginPageTest@12aba8be]" started-at="2023-02-23T11:55:24 IST" name="tearDown" finished-at="2023-02-23T11:55:24 IST" duration-ms="327" status="PASS">
          <reporter-output>
          </reporter-output>
        </test-method> <!-- tearDown -->
      </class> <!-- com.qa.opencart.tests.LoginPageTest -->
    </test> <!-- Default test -->
  </suite> <!-- Default suite -->
</testng-results>
