<?xml version="1.0" encoding="UTF-8"?>
<!-- Generated by org.testng.reporters.JUnitXMLReporter -->
<testsuite ignored="0" hostname="DESKTOP-IHGTNUT" failures="0" tests="4" name="Test" time="9.785" errors="0" timestamp="24 Jan 2023 11:36:44 GMT">
  <testcase classname="com.qa.opencart.tests.LoginPageTest" name="forgotPasswordLinkExists" time="1.417"/>
  <testcase classname="com.qa.opencart.tests.LoginPageTest" name="loginPageURLTest" time="0.021"/>
  <testcase classname="com.qa.opencart.tests.LoginPageTest" name="loginPageTitleTest" time="0.016"/>
  <testcase classname="com.qa.opencart.tests.LoginPageTest" name="loginTest" time="3.108"/>
</testsuite> <!-- Test -->
